Arguments: 
  /home/gaurav/.nvm/versions/node/v16.14.2/bin/node /usr/share/yarn/bin/yarn.js add --dev node

PATH: 
  /home/gaurav/.vscode-server/bin/4af164ea3a06f701fe3e89a2bcbb421d2026b68f/bin/remote-cli:/home/gaurav/.nvm/versions/node/v16.14.2/bin:/usr/local/sbin:/usr/local/bin:/usr/sbin:/usr/bin:/sbin:/bin:/usr/games:/usr/local/games:/usr/lib/wsl/lib:/mnt/c/Windows/system32:/mnt/c/Windows:/mnt/c/Windows/System32/Wbem:/mnt/c/Windows/System32/WindowsPowerShell/v1.0/:/mnt/c/Windows/System32/OpenSSH/:/mnt/c/Program Files (x86)/Intel/Intel(R) Management Engine Components/DAL:/mnt/c/Program Files/Intel/Intel(R) Management Engine Components/DAL:/mnt/c/Program Files (x86)/NVIDIA Corporation/PhysX/Common:/mnt/c/Program Files/NVIDIA Corporation/NVIDIA NvDLISR:/mnt/c/WINDOWS/system32:/mnt/c/WINDOWS:/mnt/c/WINDOWS/System32/Wbem:/mnt/c/WINDOWS/System32/WindowsPowerShell/v1.0/:/mnt/c/WINDOWS/System32/OpenSSH/:/mnt/c/Program Files/Git/cmd:/mnt/c/MinGW/bin:/mnt/c/TDM-GCC-64/bin:/mnt/c/Program Files/nodejs/:/mnt/c/Program Files/dotnet/:/mnt/c/Users/Gaurav U/AppData/Local/Programs/Python/Python310/Scripts/:/mnt/c/Users/Gaurav U/AppData/Local/Programs/Python/Python310/:/mnt/c/Users/Gaurav U/AppData/Local/Programs/Python/Python37/Scripts/:/mnt/c/Users/Gaurav U/AppData/Local/Programs/Python/Python37/:/mnt/c/Users/Gaurav U/AppData/Local/Microsoft/WindowsApps:/mnt/c/Users/Gaurav U/AppData/Local/GitHubDesktop/bin:/mnt/c/src/flutter/bin:/mnt/c/Users/Gaurav U/AppData/Local/Programs/Microsoft VS Code/bin:/mnt/c/Users/Gaurav U/AppData/Roaming/npm:/mnt/c/users/gaurav u/.local/bin:/mnt/c/users/gaurav u/appdata/roaming/python/python37/scripts:/mnt/c/users/gaurav u/appdata/roaming/python/python310/scripts:/snap/bin

Yarn version: 
  1.22.19

Node version: 
  16.14.2

Platform: 
  linux x64

Trace: 
  SyntaxError: /home/gaurav/new-folder/html-fundme/package.json: Unexpected end of JSON input
      at JSON.parse (<anonymous>)
      at /usr/share/yarn/lib/cli.js:1629:59
      at Generator.next (<anonymous>)
      at step (/usr/share/yarn/lib/cli.js:310:30)
      at /usr/share/yarn/lib/cli.js:321:13

npm manifest: 
  

yarn manifest: 
  No manifest

Lockfile: 
  No lockfile
